[debug] [2022-08-26T02:50:37.336Z] ----------------------------------------------------------------------
[debug] [2022-08-26T02:50:37.338Z] Command:       C:\Program Files\nodejs\node.exe C:\Users\Dylan\AppData\Roaming\npm\node_modules\firebase-tools\lib\bin\firebase.js init
[debug] [2022-08-26T02:50:37.339Z] CLI Version:   11.8.0
[debug] [2022-08-26T02:50:37.339Z] Platform:      win32
[debug] [2022-08-26T02:50:37.339Z] Node Version:  v16.16.0
[debug] [2022-08-26T02:50:37.340Z] Time:          Thu Aug 25 2022 21:50:37 GMT-0500 (hora estándar de Colombia)
[debug] [2022-08-26T02:50:37.340Z] ----------------------------------------------------------------------
[debug] 
[debug] [2022-08-26T02:50:37.349Z] > command requires scopes: ["email","openid","https://www.googleapis.com/auth/cloudplatformprojects.readonly","https://www.googleapis.com/auth/firebase","https://www.googleapis.com/auth/cloud-platform"]
[debug] [2022-08-26T02:50:37.349Z] > authorizing via signed-in user (iemccp75dylanguerrero@gmail.com)
[info] 
     ######## #### ########  ######## ########     ###     ######  ########
     ##        ##  ##     ## ##       ##     ##  ##   ##  ##       ##
     ######    ##  ########  ######   ########  #########  ######  ######
     ##        ##  ##    ##  ##       ##     ## ##     ##       ## ##
     ##       #### ##     ## ######## ########  ##     ##  ######  ########

You're about to initialize a Firebase project in this directory:

  C:\Users\Dylan\Documents\vue-3-firebase-master

[info] 
=== Project Setup
[info] 
[info] First, let's associate this project directory with a Firebase project.
[info] You can create multiple project aliases by running firebase use --add, 
[info] but for now we'll just set up a default project.
[info] 
[info] 
=== Hosting Setup
[info] 
[info] Your public directory is the folder (relative to your project directory) that
[info] will contain Hosting assets to be uploaded with firebase deploy. If you
[info] have a build process for your assets, use your build's output directory.
[info] 
